<?xml version="1.0" encoding="UTF-8"?>
<!-- Generated by org.testng.reporters.JUnitReportReporter -->
<testsuite hostname="AnilKumarCh" failures="0" tests="2" name="com.udemy.seleniumdesign.test.strategy.PaymentScreenTest_StrategyWithFactory" time="7.616" errors="0" timestamp="2020-05-23T18:36:31 IST" skipped="0">
  <testcase classname="com.udemy.seleniumdesign.test.strategy.PaymentScreenTest_StrategyWithFactory" name="paymentTest" time="6.888"/>
  <system-out/>
  <testcase classname="com.udemy.seleniumdesign.test.strategy.PaymentScreenTest_StrategyWithFactory" name="paymentTest" time="0.728"/>
  <system-out/>
</testsuite> <!-- com.udemy.seleniumdesign.test.strategy.PaymentScreenTest_StrategyWithFactory -->
