<?xml version="1.0" encoding="UTF-8"?>
<!-- Generated by org.testng.reporters.JUnitReportReporter -->
<testsuite hostname="AnilKumarCh" failures="0" tests="4" name="com.udemy.seleniumdesign.test.factory.GoogleSearchTest" time="22.497" errors="0" timestamp="2020-05-17T18:12:23 IST" skipped="0">
  <testcase classname="com.udemy.seleniumdesign.test.factory.GoogleSearchTest" name="searchTest" time="5.029"/>
  <system-out/>
  <testcase classname="com.udemy.seleniumdesign.test.factory.GoogleSearchTest" name="searchTest" time="4.832"/>
  <system-out/>
  <testcase classname="com.udemy.seleniumdesign.test.factory.GoogleSearchTest" name="searchTest" time="5.347"/>
  <system-out/>
  <testcase classname="com.udemy.seleniumdesign.test.factory.GoogleSearchTest" name="searchTest" time="7.289"/>
  <system-out/>
</testsuite> <!-- com.udemy.seleniumdesign.test.factory.GoogleSearchTest -->
