<?xml version="1.0" encoding="UTF-8"?>
<!-- Generated by org.testng.reporters.JUnitReportReporter -->
<testsuite hostname="AnilKumarCh" failures="0" tests="1" name="com.udemy.seleniumdesign.test.command.HomePageTest" time="10.775" errors="0" timestamp="2020-05-24T21:10:36 IST" skipped="0">
  <testcase classname="com.udemy.seleniumdesign.test.command.HomePageTest" name="homePageTest" time="10.775"/>
  <system-out/>
</testsuite> <!-- com.udemy.seleniumdesign.test.command.HomePageTest -->
