<?xml version="1.0" encoding="UTF-8"?>
<!-- Generated by org.testng.reporters.JUnitReportReporter -->
<testsuite hostname="AnilKumarCh" failures="0" tests="2" name="com.udemy.seleniumdesign.test.template.ShoppingTest" time="17.360" errors="0" timestamp="2020-05-25T00:54:38 IST" skipped="0">
  <testcase classname="com.udemy.seleniumdesign.test.template.ShoppingTest" name="shoppingTest" time="8.545"/>
  <system-out/>
  <testcase classname="com.udemy.seleniumdesign.test.template.ShoppingTest" name="shoppingTest" time="8.815"/>
  <system-out/>
</testsuite> <!-- com.udemy.seleniumdesign.test.template.ShoppingTest -->
