<?xml version="1.0" encoding="UTF-8"?>
<!-- Generated by org.testng.reporters.JUnitReportReporter -->
<testsuite hostname="AnilKumarCh" failures="0" tests="2" name="com.udemy.seleniumdesign.test.srp.GoogleTest" time="10.641" errors="0" timestamp="2020-05-16T18:58:46 IST" skipped="0">
  <testcase classname="com.udemy.seleniumdesign.test.srp.GoogleTest" name="googleWorkflow" time="5.380"/>
  <system-out/>
  <testcase classname="com.udemy.seleniumdesign.test.srp.GoogleTest" name="googleWorkflow" time="5.261"/>
  <system-out/>
</testsuite> <!-- com.udemy.seleniumdesign.test.srp.GoogleTest -->
