<?xml version="1.0" encoding="UTF-8"?>
<!-- Generated by org.testng.reporters.JUnitReportReporter -->
<testsuite hostname="AnilKumarCh" failures="0" tests="1" name="com.udemy.seleniumdesign.test.executearound.FrameTest" time="1.858" errors="0" timestamp="2020-05-27T13:42:45 IST" skipped="0">
  <testcase classname="com.udemy.seleniumdesign.test.executearound.FrameTest" name="frameTest" time="1.858"/>
  <system-out/>
</testsuite> <!-- com.udemy.seleniumdesign.test.executearound.FrameTest -->
