<?xml version="1.0" encoding="UTF-8"?>
<!-- Generated by org.testng.reporters.JUnitReportReporter -->
<testsuite hostname="AnilKumarCh" failures="0" tests="2" name="com.udemy.seleniumdesign.test.proxy.PaymentScreenTest" time="2.289" errors="0" timestamp="2020-05-25T23:54:33 IST" skipped="0">
  <testcase classname="com.udemy.seleniumdesign.test.proxy.PaymentScreenTest" name="paymentTest" time="0.693"/>
  <system-out/>
  <testcase classname="com.udemy.seleniumdesign.test.proxy.PaymentScreenTest" name="paymentTest" time="1.596"/>
  <system-out/>
</testsuite> <!-- com.udemy.seleniumdesign.test.proxy.PaymentScreenTest -->
