<?xml version="1.0" encoding="UTF-8"?>
<!-- Generated by org.testng.reporters.JUnitReportReporter -->
<testsuite hostname="AnilKumarCh" failures="0" tests="3" name="com.udemy.seleniumdesign.test.decorator.DashboardPageTest" time="3.791" errors="0" timestamp="2020-05-30T00:58:47 IST" skipped="0">
  <testcase classname="com.udemy.seleniumdesign.test.decorator.DashboardPageTest" name="roleTest" time="2.883"/>
  <system-out/>
  <testcase classname="com.udemy.seleniumdesign.test.decorator.DashboardPageTest" name="roleTest" time="0.436"/>
  <system-out/>
  <testcase classname="com.udemy.seleniumdesign.test.decorator.DashboardPageTest" name="roleTest" time="0.472"/>
  <system-out/>
</testsuite> <!-- com.udemy.seleniumdesign.test.decorator.DashboardPageTest -->
