<?xml version="1.0" encoding="UTF-8"?>
<!-- Generated by org.testng.reporters.JUnitReportReporter -->
<testsuite hostname="AnilKumarCh" failures="0" tests="2" name="com.udemy.seleniumdesign.test.strategy.PaymentScreenTest" time="8.013" errors="0" timestamp="2020-05-23T17:55:13 IST" skipped="0">
  <testcase classname="com.udemy.seleniumdesign.test.strategy.PaymentScreenTest" name="paymentTest" time="7.165"/>
  <system-out/>
  <testcase classname="com.udemy.seleniumdesign.test.strategy.PaymentScreenTest" name="paymentTest" time="0.848"/>
  <system-out/>
</testsuite> <!-- com.udemy.seleniumdesign.test.strategy.PaymentScreenTest -->
